('ST:', 'Thu May 28 10:35:40 2020')
('generation 0', 'Thu May 28 10:35:40 2020')
[(5, 5, 5, 5, 5, 5, 2), (15, 15, 15, 15, 15, 10, 4), (25, 25, 25, 25, 25, 15, 6), (30, 30, 30, 30, 30, 20, 4), (35, 35, 35, 35, 35, 25, 8), (40, 40, 40, 40, 40, 30, 8)]
[((30, 30, 30, 30, 30, 20, 4), 0.1494875), ((25, 25, 25, 25, 25, 15, 6), 0.15238749999999998), ((15, 15, 15, 15, 15, 10, 4), 0.19208125), ((40, 40, 40, 40, 40, 30, 8), 0.24813125000000003), ((35, 35, 35, 35, 35, 25, 8), 0.2551000000000001), ((5, 5, 5, 5, 5, 5, 2), 0.53864375)]
('generation 1', 'Thu May 28 12:20:16 2020')
[((15, 15, 16, 42, 16, 10, 5), 0.1275), ((36, 17, 36, 37, 15, 25, 4), 0.12835), ((17, 31, 15, 17, 30, 21, 5), 0.12915000000000001), ((40, 5, 40, 40, 6, 30, 2), 0.13335), ((31, 36, 31, 37, 31, 22, 4), 0.1383), ((30, 30, 31, 25, 30, 16, 4), 0.15415), ((26, 15, 15, 15, 16, 17, 8), 0.18414999999999998), ((26, 42, 27, 41, 40, 17, 8), 0.1992), ((40, 31, 40, 32, 32, 21, 6), 0.2025), ((7, 5, 36, 7, 36, 26, 9), 0.23249999999999998), ((17, 6, 5, 7, 7, 7, 3), 0.2475), ((27, 37, 25, 27, 27, 26, 9), 0.26835), ((35, 37, 37, 41, 37, 26, 8), 0.27749999999999997), ((25, 27, 25, 27, 6, 5, 2), 0.565), ((7, 31, 32, 6, 6, 7, 2), 0.9907999999999999)]
[((15, 15, 16, 42, 16, 10, 5), 0.1275), ((36, 17, 36, 37, 15, 25, 4), 0.12835), ((17, 31, 15, 17, 30, 21, 5), 0.12915000000000001), ((40, 5, 40, 40, 6, 30, 2), 0.13335), ((31, 36, 31, 37, 31, 22, 4), 0.1383)]
[((17, 31, 15, 17, 30, 21, 5), 0.13333333333333333), ((31, 36, 31, 37, 31, 22, 4), 0.14230555555555557), ((36, 17, 36, 37, 15, 25, 4), 0.14463333333333334), ((40, 5, 40, 40, 6, 30, 2), 0.14685555555555557), ((15, 15, 16, 42, 16, 10, 5), 0.1678777777777778)]
[((17, 31, 15, 17, 30, 21, 5), 0.13333333333333333), ((31, 36, 31, 37, 31, 22, 4), 0.14230555555555557), ((36, 17, 36, 37, 15, 25, 4), 0.14463333333333334), ((40, 5, 40, 40, 6, 30, 2), 0.14685555555555557), ((30, 30, 30, 30, 30, 20, 4), 0.1494875), ((25, 25, 25, 25, 25, 15, 6), 0.15238749999999998)]
('generation 2', 'Thu May 28 14:18:55 2020')
[((40, 5, 40, 40, 33, 30, 3), 0.125), ((41, 32, 40, 40, 32, 23, 4), 0.1275), ((19, 31, 17, 17, 32, 21, 7), 0.13335), ((41, 17, 42, 42, 15, 27, 4), 0.13835), ((30, 27, 31, 26, 30, 20, 4), 0.13915), ((31, 33, 15, 32, 32, 20, 6), 0.14165), ((38, 19, 27, 26, 16, 17, 6), 0.14335), ((17, 31, 26, 19, 31, 16, 7), 0.14335), ((37, 17, 31, 38, 31, 21, 4), 0.15250000000000002), ((32, 36, 36, 39, 17, 25, 6), 0.15335), ((19, 36, 32, 19, 32, 21, 6), 0.15915), ((30, 30, 32, 40, 31, 22, 6), 0.1775), ((41, 27, 27, 41, 8, 15, 2), 0.19085), ((25, 36, 27, 38, 31, 16, 7), 0.1933), ((32, 36, 31, 37, 31, 21, 6), 0.2)]
[((40, 5, 40, 40, 33, 30, 3), 0.125), ((41, 32, 40, 40, 32, 23, 4), 0.1275), ((19, 31, 17, 17, 32, 21, 7), 0.13335), ((41, 17, 42, 42, 15, 27, 4), 0.13835), ((30, 27, 31, 26, 30, 20, 4), 0.13915)]
[((41, 32, 40, 40, 32, 23, 4), 0.14093333333333333), ((40, 5, 40, 40, 33, 30, 3), 0.1486111111111111), ((41, 17, 42, 42, 15, 27, 4), 0.1488944444444444), ((19, 31, 17, 17, 32, 21, 7), 0.14925555555555559), ((30, 27, 31, 26, 30, 20, 4), 0.15434444444444445)]
[((17, 31, 15, 17, 30, 21, 5), 0.13333333333333333), ((41, 32, 40, 40, 32, 23, 4), 0.14093333333333333), ((31, 33, 15, 32, 32, 20, 6), 0.14165), ((31, 36, 31, 37, 31, 22, 4), 0.14230555555555557), ((38, 19, 27, 26, 16, 17, 6), 0.14335), ((17, 31, 26, 19, 31, 16, 7), 0.14335)]
('generation 3', 'Thu May 28 16:06:00 2020')
[((33, 33, 15, 34, 31, 24, 5), 0.1225), ((19, 31, 28, 19, 34, 17, 5), 0.125), ((42, 34, 15, 19, 32, 21, 6), 0.13835), ((31, 20, 33, 39, 18, 23, 6), 0.15), ((32, 33, 40, 39, 32, 23, 4), 0.1575), ((17, 32, 16, 19, 32, 18, 7), 0.15835), ((38, 19, 29, 28, 17, 18, 7), 0.16670000000000001), ((19, 38, 32, 19, 33, 22, 4), 0.17165), ((31, 32, 15, 19, 30, 21, 7), 0.17835), ((33, 37, 32, 39, 31, 23, 6), 0.21500000000000002), ((17, 31, 26, 21, 32, 22, 8), 0.22415000000000002), ((32, 32, 42, 34, 32, 22, 7), 0.22665000000000002), ((39, 19, 28, 17, 32, 19, 7), 0.22915), ((38, 20, 17, 27, 34, 22, 8), 0.2383), ((43, 19, 28, 26, 34, 18, 7), 0.25415)]
[((33, 33, 15, 34, 31, 24, 5), 0.1225), ((19, 31, 28, 19, 34, 17, 5), 0.125), ((42, 34, 15, 19, 32, 21, 6), 0.13835), ((31, 20, 33, 39, 18, 23, 6), 0.15), ((32, 33, 40, 39, 32, 23, 4), 0.1575)]
[((33, 33, 15, 34, 31, 24, 5), 0.12657222222222222), ((19, 31, 28, 19, 34, 17, 5), 0.13768888888888886), ((42, 34, 15, 19, 32, 21, 6), 0.14203333333333334), ((32, 33, 40, 39, 32, 23, 4), 0.15509999999999993), ((31, 20, 33, 39, 18, 23, 6), 0.17305555555555555)]
[((33, 33, 15, 34, 31, 24, 5), 0.12657222222222222), ((17, 31, 15, 17, 30, 21, 5), 0.13333333333333333), ((19, 31, 28, 19, 34, 17, 5), 0.13768888888888886), ((41, 32, 40, 40, 32, 23, 4), 0.14093333333333333), ((31, 33, 15, 32, 32, 20, 6), 0.14165), ((42, 34, 15, 19, 32, 21, 6), 0.14203333333333334)]
('generation 4', 'Thu May 28 17:53:20 2020')
[((34, 35, 17, 34, 31, 25, 5), 0.11249999999999999), ((18, 32, 17, 18, 33, 24, 5), 0.1175), ((33, 32, 15, 17, 32, 22, 6), 0.1217), ((33, 35, 28, 32, 33, 19, 5), 0.1383), ((35, 36, 16, 19, 32, 26, 7), 0.1475), ((18, 31, 17, 21, 36, 21, 5), 0.1492), ((44, 34, 16, 34, 34, 22, 6), 0.15415), ((33, 31, 17, 36, 32, 17, 5), 0.16415), ((19, 31, 17, 21, 31, 22, 6), 0.16585), ((42, 33, 40, 21, 34, 24, 5), 0.18664999999999998), ((41, 33, 42, 18, 32, 21, 6), 0.1892), ((41, 34, 40, 32, 32, 25, 6), 0.20915), ((33, 35, 16, 34, 31, 22, 8), 0.21000000000000002), ((20, 35, 16, 20, 36, 22, 8), 0.21585), ((42, 34, 41, 21, 32, 25, 7), 0.23415000000000002)]
[((34, 35, 17, 34, 31, 25, 5), 0.11249999999999999), ((18, 32, 17, 18, 33, 24, 5), 0.1175), ((33, 32, 15, 17, 32, 22, 6), 0.1217), ((33, 35, 28, 32, 33, 19, 5), 0.1383), ((35, 36, 16, 19, 32, 26, 7), 0.1475)]
[((34, 35, 17, 34, 31, 25, 5), 0.1216611111111111), ((18, 32, 17, 18, 33, 24, 5), 0.13037222222222222), ((33, 32, 15, 17, 32, 22, 6), 0.1310277777777778), ((33, 35, 28, 32, 33, 19, 5), 0.13508333333333333), ((35, 36, 16, 19, 32, 26, 7), 0.1621277777777778)]
[((34, 35, 17, 34, 31, 25, 5), 0.1216611111111111), ((33, 33, 15, 34, 31, 24, 5), 0.12657222222222222), ((18, 32, 17, 18, 33, 24, 5), 0.13037222222222222), ((33, 32, 15, 17, 32, 22, 6), 0.1310277777777778), ((17, 31, 15, 17, 30, 21, 5), 0.13333333333333333), ((33, 35, 28, 32, 33, 19, 5), 0.13508333333333333)]
('generation 5', 'Thu May 28 19:41:03 2020')
[((19, 32, 15, 33, 35, 19, 5), 0.1), ((19, 31, 16, 17, 32, 22, 5), 0.11085), ((33, 33, 19, 20, 34, 24, 6), 0.1325), ((19, 31, 15, 35, 32, 22, 7), 0.14085), ((20, 33, 19, 34, 35, 25, 6), 0.1425), ((35, 35, 17, 36, 33, 24, 6), 0.14415), ((34, 36, 29, 32, 32, 20, 6), 0.14585), ((35, 33, 17, 19, 34, 25, 7), 0.15915), ((19, 32, 18, 20, 32, 24, 5), 0.16165000000000002), ((33, 33, 15, 36, 32, 25, 6), 0.17165000000000002), ((33, 35, 16, 35, 32, 25, 6), 0.17415), ((33, 32, 15, 17, 31, 23, 7), 0.18664999999999998), ((18, 32, 16, 18, 35, 23, 7), 0.19), ((34, 37, 15, 18, 34, 23, 8), 0.21084999999999998), ((33, 35, 30, 33, 33, 19, 7), 0.215)]
[((19, 32, 15, 33, 35, 19, 5), 0.1), ((19, 31, 16, 17, 32, 22, 5), 0.11085), ((33, 33, 19, 20, 34, 24, 6), 0.1325), ((19, 31, 15, 35, 32, 22, 7), 0.14085), ((20, 33, 19, 34, 35, 25, 6), 0.1425)]
[((19, 31, 16, 17, 32, 22, 5), 0.13305), ((19, 32, 15, 33, 35, 19, 5), 0.13425), ((33, 33, 19, 20, 34, 24, 6), 0.14407777777777778), ((20, 33, 19, 34, 35, 25, 6), 0.15287777777777778), ((19, 31, 15, 35, 32, 22, 7), 0.15352222222222223)]
[((34, 35, 17, 34, 31, 25, 5), 0.1216611111111111), ((33, 33, 15, 34, 31, 24, 5), 0.12657222222222222), ((18, 32, 17, 18, 33, 24, 5), 0.13037222222222222), ((33, 32, 15, 17, 32, 22, 6), 0.1310277777777778), ((19, 31, 16, 17, 32, 22, 5), 0.13305), ((17, 31, 15, 17, 30, 21, 5), 0.13333333333333333)]
('generation 6', 'Thu May 28 21:29:35 2020')
[((19, 31, 17, 19, 32, 22, 6), 0.1192), ((18, 31, 18, 18, 35, 24, 6), 0.125), ((33, 33, 18, 34, 33, 26, 7), 0.135), ((35, 36, 15, 17, 32, 25, 7), 0.13665), ((34, 31, 16, 19, 32, 23, 5), 0.1375), ((34, 35, 15, 34, 30, 26, 5), 0.14335), ((18, 33, 17, 20, 35, 26, 7), 0.15165), ((35, 33, 18, 18, 32, 23, 5), 0.1525), ((20, 32, 16, 17, 31, 23, 5), 0.15585), ((33, 33, 15, 36, 33, 23, 7), 0.15915), ((21, 37, 17, 19, 33, 27, 5), 0.16335), ((19, 31, 18, 18, 30, 24, 5), 0.16915), ((35, 37, 18, 36, 33, 27, 7), 0.19), ((19, 33, 17, 18, 33, 26, 8), 0.19665), ((35, 33, 16, 18, 34, 22, 8), 0.23415)]
[((19, 31, 17, 19, 32, 22, 6), 0.1192), ((18, 31, 18, 18, 35, 24, 6), 0.125), ((33, 33, 18, 34, 33, 26, 7), 0.135), ((35, 36, 15, 17, 32, 25, 7), 0.13665), ((34, 31, 16, 19, 32, 23, 5), 0.1375)]
[((34, 31, 16, 19, 32, 23, 5), 0.12536111111111115), ((19, 31, 17, 19, 32, 22, 6), 0.12916111111111114), ((18, 31, 18, 18, 35, 24, 6), 0.13444444444444445), ((35, 36, 15, 17, 32, 25, 7), 0.1678611111111111), ((33, 33, 18, 34, 33, 26, 7), 0.17176666666666665)]
[((34, 35, 17, 34, 31, 25, 5), 0.1216611111111111), ((34, 31, 16, 19, 32, 23, 5), 0.12536111111111115), ((33, 33, 15, 34, 31, 24, 5), 0.12657222222222222), ((19, 31, 17, 19, 32, 22, 6), 0.12916111111111114), ((18, 32, 17, 18, 33, 24, 5), 0.13037222222222222), ((33, 32, 15, 17, 32, 22, 6), 0.1310277777777778)]
('generation 7', 'Thu May 28 23:18:51 2020')
[((20, 32, 17, 18, 33, 25, 5), 0.11), ((36, 37, 17, 20, 31, 25, 5), 0.12665), ((34, 33, 17, 34, 32, 23, 5), 0.13169999999999998), ((34, 31, 16, 21, 32, 24, 6), 0.1325), ((20, 33, 15, 20, 31, 25, 6), 0.135), ((18, 32, 16, 19, 35, 24, 7), 0.14079999999999998), ((36, 33, 15, 17, 34, 24, 7), 0.1442), ((35, 36, 17, 34, 33, 26, 5), 0.15250000000000002), ((18, 32, 17, 20, 34, 26, 7), 0.1533), ((35, 34, 18, 34, 31, 25, 7), 0.175), ((34, 34, 15, 34, 31, 24, 7), 0.1775), ((21, 34, 17, 18, 32, 24, 8), 0.18164999999999998), ((35, 36, 17, 34, 34, 23, 7), 0.18835000000000002), ((20, 34, 19, 20, 33, 24, 7), 0.18914999999999998), ((35, 31, 15, 20, 34, 23, 8), 0.1925)]
[((20, 32, 17, 18, 33, 25, 5), 0.11), ((36, 37, 17, 20, 31, 25, 5), 0.12665), ((34, 33, 17, 34, 32, 23, 5), 0.13169999999999998), ((34, 31, 16, 21, 32, 24, 6), 0.1325), ((20, 33, 15, 20, 31, 25, 6), 0.135)]
[((20, 32, 17, 18, 33, 25, 5), 0.13278333333333334), ((20, 33, 15, 20, 31, 25, 6), 0.13481666666666667), ((36, 37, 17, 20, 31, 25, 5), 0.13750000000000004), ((34, 33, 17, 34, 32, 23, 5), 0.1484388888888889), ((34, 31, 16, 21, 32, 24, 6), 0.1487)]
[((34, 35, 17, 34, 31, 25, 5), 0.1216611111111111), ((34, 31, 16, 19, 32, 23, 5), 0.12536111111111115), ((33, 33, 15, 34, 31, 24, 5), 0.12657222222222222), ((19, 31, 17, 19, 32, 22, 6), 0.12916111111111114), ((18, 32, 17, 18, 33, 24, 5), 0.13037222222222222), ((33, 32, 15, 17, 32, 22, 6), 0.1310277777777778)]
('generation 8', 'Fri May 29 01:09:12 2020')
[((35, 33, 17, 19, 33, 23, 6), 0.1275), ((20, 34, 18, 36, 32, 25, 6), 0.13335), ((21, 31, 17, 35, 32, 25, 7), 0.14335), ((19, 34, 17, 19, 33, 23, 6), 0.14500000000000002), ((33, 35, 15, 21, 32, 24, 7), 0.1508), ((35, 33, 18, 21, 34, 24, 7), 0.15665), ((35, 33, 17, 19, 32, 25, 6), 0.16), ((34, 34, 17, 18, 35, 25, 5), 0.16), ((34, 33, 15, 34, 31, 25, 7), 0.16999999999999998), ((33, 33, 17, 34, 34, 25, 7), 0.17165), ((33, 35, 17, 36, 33, 24, 7), 0.18), ((34, 32, 18, 35, 31, 25, 7), 0.18414999999999998), ((35, 34, 18, 19, 35, 24, 7), 0.18415), ((21, 34, 19, 18, 32, 22, 8), 0.2075), ((36, 37, 17, 17, 31, 25, 8), 0.22085)]
[((35, 33, 17, 19, 33, 23, 6), 0.1275), ((20, 34, 18, 36, 32, 25, 6), 0.13335), ((21, 31, 17, 35, 32, 25, 7), 0.14335), ((19, 34, 17, 19, 33, 23, 6), 0.14500000000000002), ((33, 35, 15, 21, 32, 24, 7), 0.1508)]
[((35, 33, 17, 19, 33, 23, 6), 0.14407222222222224), ((19, 34, 17, 19, 33, 23, 6), 0.14408888888888888), ((21, 31, 17, 35, 32, 25, 7), 0.15407222222222222), ((20, 34, 18, 36, 32, 25, 6), 0.15462777777777778), ((33, 35, 15, 21, 32, 24, 7), 0.16665555555555556)]
[((34, 35, 17, 34, 31, 25, 5), 0.1216611111111111), ((34, 31, 16, 19, 32, 23, 5), 0.12536111111111115), ((33, 33, 15, 34, 31, 24, 5), 0.12657222222222222), ((19, 31, 17, 19, 32, 22, 6), 0.12916111111111114), ((18, 32, 17, 18, 33, 24, 5), 0.13037222222222222), ((33, 32, 15, 17, 32, 22, 6), 0.1310277777777778)]
('generation 9', 'Fri May 29 02:59:26 2020')
[((33, 32, 15, 18, 33, 25, 5), 0.11915), ((34, 35, 17, 20, 33, 25, 6), 0.12415000000000001), ((19, 34, 17, 19, 32, 22, 6), 0.1325), ((35, 33, 17, 18, 32, 23, 6), 0.135), ((20, 33, 16, 20, 33, 22, 5), 0.135), ((20, 33, 17, 21, 32, 24, 5), 0.13835), ((18, 32, 19, 18, 32, 25, 5), 0.1542), ((34, 34, 18, 34, 32, 25, 5), 0.15585), ((35, 33, 19, 35, 33, 26, 7), 0.165), ((19, 33, 18, 19, 35, 23, 7), 0.16920000000000002), ((21, 32, 18, 19, 34, 22, 7), 0.16999999999999998), ((35, 32, 16, 19, 32, 25, 7), 0.1775), ((35, 33, 19, 34, 33, 26, 7), 0.20165), ((34, 35, 17, 36, 32, 24, 8), 0.215), ((33, 35, 16, 35, 33, 22, 8), 0.21999999999999997)]
[((33, 32, 15, 18, 33, 25, 5), 0.11915), ((34, 35, 17, 20, 33, 25, 6), 0.12415000000000001), ((19, 34, 17, 19, 32, 22, 6), 0.1325), ((35, 33, 17, 18, 32, 23, 6), 0.135), ((20, 33, 16, 20, 33, 22, 5), 0.135)]
[((19, 34, 17, 19, 32, 22, 6), 0.13518333333333335), ((33, 32, 15, 18, 33, 25, 5), 0.13555555555555554), ((34, 35, 17, 20, 33, 25, 6), 0.1372222222222222), ((35, 33, 17, 18, 32, 23, 6), 0.14471666666666666), ((20, 33, 16, 20, 33, 22, 5), 0.1447166666666667)]
[((34, 35, 17, 34, 31, 25, 5), 0.1216611111111111), ((34, 31, 16, 19, 32, 23, 5), 0.12536111111111115), ((33, 33, 15, 34, 31, 24, 5), 0.12657222222222222), ((19, 31, 17, 19, 32, 22, 6), 0.12916111111111114), ((18, 32, 17, 18, 33, 24, 5), 0.13037222222222222), ((33, 32, 15, 17, 32, 22, 6), 0.1310277777777778)]
('generation 10', 'Fri May 29 04:55:54 2020')
[((35, 33, 15, 36, 32, 25, 6), 0.09584999999999999), ((20, 33, 16, 34, 33, 24, 6), 0.12085000000000001), ((36, 31, 18, 20, 34, 25, 6), 0.1217), ((35, 34, 15, 19, 32, 24, 6), 0.12835), ((35, 32, 17, 36, 33, 24, 5), 0.14079999999999998), ((18, 35, 19, 35, 31, 26, 6), 0.1492), ((33, 33, 15, 34, 34, 27, 7), 0.1642), ((33, 32, 16, 20, 32, 25, 8), 0.165), ((34, 33, 17, 34, 31, 26, 8), 0.1725), ((19, 32, 18, 19, 35, 23, 6), 0.17335), ((36, 35, 18, 36, 31, 24, 7), 0.1775), ((34, 32, 19, 36, 34, 24, 7), 0.1817), ((34, 31, 15, 17, 33, 22, 7), 0.185), ((34, 32, 17, 19, 32, 24, 8), 0.2117), ((34, 32, 17, 20, 33, 23, 8), 0.21665)]
[((35, 33, 15, 36, 32, 25, 6), 0.09584999999999999), ((20, 33, 16, 34, 33, 24, 6), 0.12085000000000001), ((36, 31, 18, 20, 34, 25, 6), 0.1217), ((35, 34, 15, 19, 32, 24, 6), 0.12835), ((35, 32, 17, 36, 33, 24, 5), 0.14079999999999998)]
[((35, 32, 17, 36, 33, 24, 5), 0.1286), ((35, 33, 15, 36, 32, 25, 6), 0.13332777777777782), ((35, 34, 15, 19, 32, 24, 6), 0.13361666666666666), ((20, 33, 16, 34, 33, 24, 6), 0.1479666666666667), ((36, 31, 18, 20, 34, 25, 6), 0.14955000000000002)]
[((34, 35, 17, 34, 31, 25, 5), 0.1216611111111111), ((34, 31, 16, 19, 32, 23, 5), 0.12536111111111115), ((33, 33, 15, 34, 31, 24, 5), 0.12657222222222222), ((35, 32, 17, 36, 33, 24, 5), 0.1286), ((19, 31, 17, 19, 32, 22, 6), 0.12916111111111114), ((18, 32, 17, 18, 33, 24, 5), 0.13037222222222222)]
('generation 11', 'Fri May 29 06:51:06 2020')
[((37, 33, 17, 36, 32, 25, 5), 0.08085), ((35, 33, 17, 21, 33, 26, 5), 0.10585), ((34, 37, 17, 18, 34, 25, 5), 0.11), ((35, 33, 18, 19, 34, 25, 5), 0.1225), ((36, 33, 17, 19, 35, 25, 5), 0.12415), ((35, 33, 18, 36, 34, 25, 6), 0.13085), ((20, 35, 16, 34, 32, 22, 5), 0.13085), ((33, 33, 17, 36, 32, 24, 6), 0.13585000000000003), ((33, 34, 16, 19, 32, 26, 5), 0.1525), ((20, 34, 18, 18, 34, 25, 5), 0.155), ((36, 35, 19, 20, 32, 25, 7), 0.16749999999999998), ((19, 33, 17, 20, 34, 23, 6), 0.16749999999999998), ((35, 32, 19, 34, 33, 25, 7), 0.16835), ((36, 32, 18, 19, 32, 23, 7), 0.18585000000000002), ((33, 37, 19, 35, 31, 24, 7), 0.19165)]
[((37, 33, 17, 36, 32, 25, 5), 0.08085), ((35, 33, 17, 21, 33, 26, 5), 0.10585), ((34, 37, 17, 18, 34, 25, 5), 0.11), ((35, 33, 18, 19, 34, 25, 5), 0.1225), ((36, 33, 17, 19, 35, 25, 5), 0.12415)]
[((34, 37, 17, 18, 34, 25, 5), 0.13555555555555554), ((37, 33, 17, 36, 32, 25, 5), 0.13869444444444443), ((35, 33, 18, 19, 34, 25, 5), 0.1398222222222222), ((36, 33, 17, 19, 35, 25, 5), 0.14082777777777775), ((35, 33, 17, 21, 33, 26, 5), 0.14167222222222223)]
[((34, 35, 17, 34, 31, 25, 5), 0.1216611111111111), ((34, 31, 16, 19, 32, 23, 5), 0.12536111111111115), ((33, 33, 15, 34, 31, 24, 5), 0.12657222222222222), ((35, 32, 17, 36, 33, 24, 5), 0.1286), ((19, 31, 17, 19, 32, 22, 6), 0.12916111111111114), ((18, 32, 17, 18, 33, 24, 5), 0.13037222222222222)]
('generation 12', 'Fri May 29 08:38:46 2020')
[((19, 36, 18, 21, 32, 23, 6), 0.1358), ((34, 34, 17, 35, 32, 26, 7), 0.1367), ((35, 31, 17, 21, 32, 22, 6), 0.14085), ((36, 32, 17, 21, 32, 24, 6), 0.1417), ((18, 31, 18, 21, 35, 25, 7), 0.14665), ((35, 33, 19, 20, 34, 24, 6), 0.14665), ((18, 32, 17, 20, 32, 25, 7), 0.1558), ((19, 32, 18, 19, 34, 25, 5), 0.1575), ((21, 33, 19, 20, 34, 24, 7), 0.16415), ((34, 35, 16, 20, 31, 27, 7), 0.1742), ((19, 34, 17, 20, 34, 23, 7), 0.17915), ((34, 33, 18, 20, 33, 25, 7), 0.18), ((36, 35, 17, 36, 33, 26, 7), 0.185), ((20, 32, 19, 20, 35, 25, 7), 0.19085), ((37, 32, 19, 36, 33, 26, 7), 0.2108)]
[((19, 36, 18, 21, 32, 23, 6), 0.1358), ((34, 34, 17, 35, 32, 26, 7), 0.1367), ((35, 31, 17, 21, 32, 22, 6), 0.14085), ((36, 32, 17, 21, 32, 24, 6), 0.1417), ((18, 31, 18, 21, 35, 25, 7), 0.14665)]
[((36, 32, 17, 21, 32, 24, 6), 0.13675555555555557), ((19, 36, 18, 21, 32, 23, 6), 0.14147777777777776), ((35, 31, 17, 21, 32, 22, 6), 0.1488), ((18, 31, 18, 21, 35, 25, 7), 0.16426111111111108), ((34, 34, 17, 35, 32, 26, 7), 0.17360555555555554)]
[((34, 35, 17, 34, 31, 25, 5), 0.1216611111111111), ((34, 31, 16, 19, 32, 23, 5), 0.12536111111111115), ((33, 33, 15, 34, 31, 24, 5), 0.12657222222222222), ((35, 32, 17, 36, 33, 24, 5), 0.1286), ((19, 31, 17, 19, 32, 22, 6), 0.12916111111111114), ((18, 32, 17, 18, 33, 24, 5), 0.13037222222222222)]
('generation 13', 'Fri May 29 10:27:00 2020')
[((35, 33, 17, 34, 33, 27, 7), 0.11), ((37, 37, 19, 34, 32, 27, 5), 0.12085000000000001), ((33, 33, 15, 19, 31, 24, 6), 0.12334999999999999), ((35, 34, 17, 36, 33, 25, 6), 0.1275), ((36, 35, 17, 20, 34, 25, 7), 0.1458), ((20, 33, 16, 20, 33, 24, 7), 0.14750000000000002), ((20, 32, 15, 18, 33, 24, 6), 0.15084999999999998), ((36, 33, 17, 20, 32, 22, 5), 0.15250000000000002), ((21, 32, 15, 19, 31, 22, 6), 0.15665), ((20, 32, 17, 38, 35, 26, 7), 0.15835), ((18, 37, 19, 36, 31, 25, 6), 0.16165000000000002), ((20, 32, 19, 21, 32, 23, 6), 0.17085), ((20, 33, 17, 38, 33, 25, 7), 0.17165), ((35, 32, 19, 35, 32, 25, 6), 0.17415), ((36, 34, 17, 35, 33, 25, 7), 0.195)]
[((35, 33, 17, 34, 33, 27, 7), 0.11), ((37, 37, 19, 34, 32, 27, 5), 0.12085000000000001), ((33, 33, 15, 19, 31, 24, 6), 0.12334999999999999), ((35, 34, 17, 36, 33, 25, 6), 0.1275), ((36, 35, 17, 20, 34, 25, 7), 0.1458)]
[((37, 37, 19, 34, 32, 27, 5), 0.1399111111111111), ((33, 33, 15, 19, 31, 24, 6), 0.14398333333333335), ((35, 34, 17, 36, 33, 25, 6), 0.14962777777777778), ((35, 33, 17, 34, 33, 27, 7), 0.16416666666666666), ((36, 35, 17, 20, 34, 25, 7), 0.17286666666666667)]
[((34, 35, 17, 34, 31, 25, 5), 0.1216611111111111), ((34, 31, 16, 19, 32, 23, 5), 0.12536111111111115), ((33, 33, 15, 34, 31, 24, 5), 0.12657222222222222), ((35, 32, 17, 36, 33, 24, 5), 0.1286), ((19, 31, 17, 19, 32, 22, 6), 0.12916111111111114), ((18, 32, 17, 18, 33, 24, 5), 0.13037222222222222)]
('generation 14', 'Fri May 29 12:14:55 2020')
[((36, 37, 19, 36, 32, 25, 5), 0.11165), ((34, 35, 19, 36, 31, 25, 5), 0.1275), ((35, 37, 15, 35, 31, 24, 7), 0.1333), ((35, 32, 15, 34, 32, 25, 7), 0.13415), ((33, 34, 18, 35, 35, 24, 5), 0.1375), ((34, 32, 17, 38, 34, 24, 6), 0.14335), ((18, 32, 18, 18, 32, 25, 7), 0.14500000000000002), ((37, 34, 18, 38, 34, 26, 6), 0.15000000000000002), ((19, 34, 17, 19, 33, 22, 8), 0.1508), ((20, 33, 18, 36, 34, 22, 7), 0.15165), ((36, 35, 19, 36, 34, 26, 6), 0.15165), ((36, 32, 19, 20, 35, 25, 6), 0.16835), ((36, 36, 18, 19, 33, 27, 7), 0.17415), ((35, 31, 17, 20, 32, 23, 7), 0.18), ((34, 33, 16, 21, 34, 23, 8), 0.23085)]
[((36, 37, 19, 36, 32, 25, 5), 0.11165), ((34, 35, 19, 36, 31, 25, 5), 0.1275), ((35, 37, 15, 35, 31, 24, 7), 0.1333), ((35, 32, 15, 34, 32, 25, 7), 0.13415), ((33, 34, 18, 35, 35, 24, 5), 0.1375)]
[((36, 37, 19, 36, 32, 25, 5), 0.12749444444444447), ((34, 35, 19, 36, 31, 25, 5), 0.1365722222222222), ((33, 34, 18, 35, 35, 24, 5), 0.1366666666666667), ((35, 32, 15, 34, 32, 25, 7), 0.15258333333333332), ((35, 37, 15, 35, 31, 24, 7), 0.1590666666666667)]
[((34, 35, 17, 34, 31, 25, 5), 0.1216611111111111), ((34, 31, 16, 19, 32, 23, 5), 0.12536111111111115), ((33, 33, 15, 34, 31, 24, 5), 0.12657222222222222), ((36, 37, 19, 36, 32, 25, 5), 0.12749444444444447), ((35, 32, 17, 36, 33, 24, 5), 0.1286), ((19, 31, 17, 19, 32, 22, 6), 0.12916111111111114)]
('generation 15', 'Fri May 29 14:02:35 2020')
[((34, 38, 19, 36, 33, 27, 5), 0.11085), ((35, 35, 19, 21, 33, 27, 5), 0.125), ((35, 34, 18, 35, 33, 26, 6), 0.1375), ((37, 33, 20, 36, 32, 26, 5), 0.1475), ((36, 32, 16, 35, 34, 24, 6), 0.15335), ((21, 33, 19, 38, 34, 26, 5), 0.15415), ((36, 34, 18, 35, 32, 25, 6), 0.16), ((36, 31, 21, 20, 34, 26, 6), 0.1617), ((20, 33, 17, 19, 32, 22, 8), 0.16749999999999998), ((34, 32, 16, 19, 33, 23, 7), 0.1717), ((36, 33, 19, 38, 34, 25, 7), 0.1775), ((38, 37, 21, 38, 32, 24, 7), 0.1817), ((36, 32, 15, 38, 33, 26, 7), 0.2), ((36, 34, 17, 20, 35, 26, 7), 0.2025), ((34, 35, 19, 19, 32, 22, 8), 0.2225)]
[((34, 38, 19, 36, 33, 27, 5), 0.11085), ((35, 35, 19, 21, 33, 27, 5), 0.125), ((35, 34, 18, 35, 33, 26, 6), 0.1375), ((37, 33, 20, 36, 32, 26, 5), 0.1475), ((36, 32, 16, 35, 34, 24, 6), 0.15335)]
[((37, 33, 20, 36, 32, 26, 5), 0.13722777777777778), ((34, 38, 19, 36, 33, 27, 5), 0.1412), ((35, 35, 19, 21, 33, 27, 5), 0.1464777777777778), ((36, 32, 16, 35, 34, 24, 6), 0.1469388888888889), ((35, 34, 18, 35, 33, 26, 6), 0.15481111111111112)]
[((34, 35, 17, 34, 31, 25, 5), 0.1216611111111111), ((34, 31, 16, 19, 32, 23, 5), 0.12536111111111115), ((33, 33, 15, 34, 31, 24, 5), 0.12657222222222222), ((36, 37, 19, 36, 32, 25, 5), 0.12749444444444447), ((35, 32, 17, 36, 33, 24, 5), 0.1286), ((19, 31, 17, 19, 32, 22, 6), 0.12916111111111114)]
('generation 16', 'Fri May 29 15:50:34 2020')
[((36, 32, 19, 37, 32, 25, 5), 0.12665), ((19, 33, 17, 35, 33, 22, 7), 0.1325), ((36, 34, 19, 37, 31, 24, 5), 0.135), ((38, 38, 21, 20, 33, 26, 5), 0.1375), ((20, 33, 19, 34, 33, 24, 7), 0.14), ((35, 35, 17, 37, 34, 25, 6), 0.14079999999999998), ((33, 33, 18, 36, 33, 26, 6), 0.14415), ((38, 31, 20, 20, 33, 26, 6), 0.14915), ((19, 32, 18, 21, 34, 25, 6), 0.1525), ((33, 37, 17, 35, 32, 24, 6), 0.15749999999999997), ((34, 35, 17, 21, 33, 25, 6), 0.16), ((19, 33, 18, 21, 33, 25, 8), 0.1617), ((35, 32, 16, 34, 32, 26, 7), 0.165), ((35, 33, 19, 35, 31, 27, 6), 0.16835), ((37, 32, 17, 37, 34, 25, 7), 0.17415)]
[((36, 32, 19, 37, 32, 25, 5), 0.12665), ((19, 33, 17, 35, 33, 22, 7), 0.1325), ((36, 34, 19, 37, 31, 24, 5), 0.135), ((38, 38, 21, 20, 33, 26, 5), 0.1375), ((20, 33, 19, 34, 33, 24, 7), 0.14)]
[((36, 34, 19, 37, 31, 24, 5), 0.13065555555555558), ((36, 32, 19, 37, 32, 25, 5), 0.1371277777777778), ((38, 38, 21, 20, 33, 26, 5), 0.14648333333333335), ((20, 33, 19, 34, 33, 24, 7), 0.15295555555555557), ((19, 33, 17, 35, 33, 22, 7), 0.16637777777777776)]
[((34, 35, 17, 34, 31, 25, 5), 0.1216611111111111), ((34, 31, 16, 19, 32, 23, 5), 0.12536111111111115), ((33, 33, 15, 34, 31, 24, 5), 0.12657222222222222), ((36, 37, 19, 36, 32, 25, 5), 0.12749444444444447), ((35, 32, 17, 36, 33, 24, 5), 0.1286), ((19, 31, 17, 19, 32, 22, 6), 0.12916111111111114)]
('generation 17', 'Fri May 29 17:38:28 2020')
[((35, 36, 19, 34, 33, 24, 6), 0.11835), ((34, 36, 15, 35, 32, 25, 6), 0.1358), ((36, 34, 17, 36, 31, 24, 5), 0.14584999999999998), ((35, 37, 19, 37, 33, 25, 7), 0.15250000000000002), ((33, 38, 17, 34, 31, 26, 6), 0.15415), ((34, 32, 17, 36, 34, 25, 5), 0.155), ((36, 34, 19, 38, 34, 24, 5), 0.15835), ((36, 37, 21, 36, 31, 27, 5), 0.165), ((19, 33, 17, 20, 31, 22, 6), 0.16665000000000002), ((35, 33, 16, 34, 33, 26, 5), 0.16670000000000001), ((36, 31, 18, 21, 34, 23, 6), 0.16915), ((35, 39, 21, 37, 33, 24, 6), 0.18335), ((36, 37, 17, 20, 33, 26, 7), 0.1925), ((36, 32, 17, 37, 34, 22, 7), 0.19419999999999998), ((20, 33, 20, 38, 32, 24, 8), 0.20834999999999998)]
[((35, 36, 19, 34, 33, 24, 6), 0.11835), ((34, 36, 15, 35, 32, 25, 6), 0.1358), ((36, 34, 17, 36, 31, 24, 5), 0.14584999999999998), ((35, 37, 19, 37, 33, 25, 7), 0.15250000000000002), ((33, 38, 17, 34, 31, 26, 6), 0.15415)]
[((36, 34, 17, 36, 31, 24, 5), 0.12574444444444446), ((34, 36, 15, 35, 32, 25, 6), 0.1448111111111111), ((33, 38, 17, 34, 31, 26, 6), 0.15249444444444443), ((35, 36, 19, 34, 33, 24, 6), 0.15797777777777777), ((35, 37, 19, 37, 33, 25, 7), 0.1770388888888889)]
[((34, 35, 17, 34, 31, 25, 5), 0.1216611111111111), ((34, 31, 16, 19, 32, 23, 5), 0.12536111111111115), ((36, 34, 17, 36, 31, 24, 5), 0.12574444444444446), ((33, 33, 15, 34, 31, 24, 5), 0.12657222222222222), ((36, 37, 19, 36, 32, 25, 5), 0.12749444444444447), ((35, 32, 17, 36, 33, 24, 5), 0.1286)]
('generation 18', 'Fri May 29 19:26:17 2020')
[((35, 37, 18, 36, 32, 27, 5), 0.10665), ((36, 36, 16, 21, 31, 26, 5), 0.11335), ((37, 31, 17, 37, 32, 25, 5), 0.11829999999999999), ((36, 35, 15, 36, 32, 26, 6), 0.13585), ((37, 38, 21, 21, 34, 25, 6), 0.1392), ((34, 32, 17, 20, 33, 24, 5), 0.14085), ((36, 35, 18, 36, 33, 26, 5), 0.14415), ((37, 38, 20, 37, 33, 26, 5), 0.1442), ((37, 38, 19, 37, 33, 27, 5), 0.14835), ((33, 33, 19, 34, 33, 25, 6), 0.16335), ((37, 36, 21, 37, 32, 26, 6), 0.1725), ((34, 34, 18, 37, 34, 24, 7), 0.175), ((35, 35, 19, 35, 33, 25, 6), 0.1825), ((35, 38, 20, 34, 33, 25, 7), 0.2), ((37, 32, 18, 38, 32, 26, 7), 0.2108)]
[((35, 37, 18, 36, 32, 27, 5), 0.10665), ((36, 36, 16, 21, 31, 26, 5), 0.11335), ((37, 31, 17, 37, 32, 25, 5), 0.11829999999999999), ((36, 35, 15, 36, 32, 26, 6), 0.13585), ((37, 38, 21, 21, 34, 25, 6), 0.1392)]
[((35, 37, 18, 36, 32, 27, 5), 0.1322222222222222), ((36, 36, 16, 21, 31, 26, 5), 0.13537777777777776), ((36, 35, 15, 36, 32, 26, 6), 0.14824444444444443), ((37, 31, 17, 37, 32, 25, 5), 0.15073333333333333), ((37, 38, 21, 21, 34, 25, 6), 0.16028888888888887)]
[((34, 35, 17, 34, 31, 25, 5), 0.1216611111111111), ((34, 31, 16, 19, 32, 23, 5), 0.12536111111111115), ((36, 34, 17, 36, 31, 24, 5), 0.12574444444444446), ((33, 33, 15, 34, 31, 24, 5), 0.12657222222222222), ((36, 37, 19, 36, 32, 25, 5), 0.12749444444444447), ((35, 32, 17, 36, 33, 24, 5), 0.1286)]
('generation 19', 'Fri May 29 21:13:51 2020')
[((37, 37, 18, 36, 32, 25, 6), 0.10750000000000001), ((37, 34, 19, 38, 32, 27, 6), 0.11250000000000002), ((35, 34, 16, 36, 34, 26, 5), 0.1158), ((35, 35, 15, 36, 33, 24, 6), 0.13915), ((38, 32, 18, 37, 33, 26, 6), 0.14), ((36, 35, 18, 35, 33, 26, 5), 0.14165), ((34, 33, 16, 35, 31, 24, 5), 0.1433), ((38, 39, 17, 38, 33, 25, 5), 0.145), ((36, 33, 17, 34, 32, 25, 7), 0.15), ((37, 33, 17, 36, 32, 24, 6), 0.1525), ((35, 37, 19, 35, 33, 25, 6), 0.1558), ((36, 37, 16, 36, 33, 27, 6), 0.16165000000000002), ((35, 35, 18, 37, 32, 24, 7), 0.16749999999999998), ((37, 39, 19, 37, 34, 27, 7), 0.1775), ((36, 35, 19, 36, 32, 26, 7), 0.20500000000000002)]
[((37, 37, 18, 36, 32, 25, 6), 0.10750000000000001), ((37, 34, 19, 38, 32, 27, 6), 0.11250000000000002), ((35, 34, 16, 36, 34, 26, 5), 0.1158), ((35, 35, 15, 36, 33, 24, 6), 0.13915), ((38, 32, 18, 37, 33, 26, 6), 0.14)]
[((35, 34, 16, 36, 34, 26, 5), 0.13628888888888888), ((35, 35, 15, 36, 33, 24, 6), 0.13788333333333333), ((37, 37, 18, 36, 32, 25, 6), 0.13861111111111113), ((38, 32, 18, 37, 33, 26, 6), 0.14489444444444444), ((37, 34, 19, 38, 32, 27, 6), 0.14851111111111112)]
[((34, 35, 17, 34, 31, 25, 5), 0.1216611111111111), ((34, 31, 16, 19, 32, 23, 5), 0.12536111111111115), ((36, 34, 17, 36, 31, 24, 5), 0.12574444444444446), ((33, 33, 15, 34, 31, 24, 5), 0.12657222222222222), ((36, 37, 19, 36, 32, 25, 5), 0.12749444444444447), ((35, 32, 17, 36, 33, 24, 5), 0.1286)]
('generation 20', 'Fri May 29 23:01:37 2020')
[((36, 39, 16, 21, 32, 26, 6), 0.12329999999999999), ((36, 33, 17, 38, 34, 23, 6), 0.1325), ((36, 34, 16, 19, 33, 24, 6), 0.135), ((35, 37, 20, 37, 32, 26, 5), 0.135), ((38, 34, 17, 38, 32, 25, 5), 0.135), ((37, 32, 15, 35, 33, 26, 6), 0.1358), ((35, 34, 16, 36, 32, 24, 6), 0.15335), ((35, 35, 17, 36, 33, 26, 5), 0.16335), ((36, 37, 17, 21, 32, 23, 7), 0.1658), ((37, 37, 20, 36, 33, 24, 6), 0.16585), ((37, 34, 18, 38, 31, 24, 6), 0.16999999999999998), ((37, 36, 19, 36, 31, 26, 6), 0.17585), ((35, 31, 17, 21, 33, 25, 7), 0.1775), ((38, 39, 20, 36, 34, 26, 5), 0.17835), ((38, 34, 19, 35, 32, 26, 7), 0.18669999999999998)]
[((36, 39, 16, 21, 32, 26, 6), 0.12329999999999999), ((36, 33, 17, 38, 34, 23, 6), 0.1325), ((36, 34, 16, 19, 33, 24, 6), 0.135), ((38, 34, 17, 38, 32, 25, 5), 0.135), ((35, 37, 20, 37, 32, 26, 5), 0.135)]
[((35, 37, 20, 37, 32, 26, 5), 0.13732222222222223), ((36, 34, 16, 19, 33, 24, 6), 0.13749444444444445), ((38, 34, 17, 38, 32, 25, 5), 0.13991111111111115), ((36, 33, 17, 38, 34, 23, 6), 0.14277222222222227), ((36, 39, 16, 21, 32, 26, 6), 0.14705000000000001)]
[((34, 35, 17, 34, 31, 25, 5), 0.1216611111111111), ((34, 31, 16, 19, 32, 23, 5), 0.12536111111111115), ((36, 34, 17, 36, 31, 24, 5), 0.12574444444444446), ((33, 33, 15, 34, 31, 24, 5), 0.12657222222222222), ((36, 37, 19, 36, 32, 25, 5), 0.12749444444444447), ((35, 32, 17, 36, 33, 24, 5), 0.1286)]
('EN:', 'Sat May 30 00:50:00 2020')
