('ST:', 'Mon May 25 14:28:52 2020')
('generation 0', 'Mon May 25 14:28:52 2020')
[(5, 5, 5, 5, 5, 5, 2), (15, 15, 15, 15, 15, 10, 4), (25, 25, 25, 25, 25, 15, 6), (30, 30, 30, 30, 30, 20, 4), (35, 35, 35, 35, 35, 25, 8), (40, 40, 40, 40, 40, 30, 8)]
[((30, 30, 30, 30, 30, 20, 4), 0.12915), ((25, 25, 25, 25, 25, 15, 6), 0.14665), ((15, 15, 15, 15, 15, 10, 4), 0.1958), ((40, 40, 40, 40, 40, 30, 8), 0.2417), ((35, 35, 35, 35, 35, 25, 8), 0.26835), ((5, 5, 5, 5, 5, 5, 2), 0.5225)]
('generation 1', 'Mon May 25 14:49:21 2020')
[((30, 30, 31, 27, 25, 16, 6), 0.13165), ((26, 25, 27, 6, 5, 6, 7), 0.14415), ((25, 26, 16, 25, 16, 11, 6), 0.1483), ((30, 15, 30, 16, 31, 22, 4), 0.15165), ((37, 35, 36, 36, 25, 16, 6), 0.16165000000000002), ((35, 35, 5, 36, 35, 27, 2), 0.17835), ((41, 41, 41, 30, 42, 30, 6), 0.17835), ((17, 35, 35, 17, 36, 12, 4), 0.2117), ((41, 42, 27, 41, 25, 30, 8), 0.2425), ((30, 30, 32, 36, 30, 21, 8), 0.2425), ((6, 32, 6, 30, 5, 7, 5), 0.2825), ((42, 35, 40, 37, 42, 26, 9), 0.295), ((41, 16, 42, 15, 17, 12, 9), 0.31165), ((6, 6, 17, 6, 15, 11, 4), 0.3133), ((40, 40, 40, 40, 6, 5, 4), 0.41500000000000004)]
[((30, 30, 31, 27, 25, 16, 6), 0.13165), ((26, 25, 27, 6, 5, 6, 7), 0.14415), ((25, 26, 16, 25, 16, 11, 6), 0.1483), ((30, 15, 30, 16, 31, 22, 4), 0.15165), ((37, 35, 36, 36, 25, 16, 6), 0.16165000000000002)]
[((30, 15, 30, 16, 31, 22, 4), 0.1310111111111111), ((25, 26, 16, 25, 16, 11, 6), 0.15379444444444446), ((26, 25, 27, 6, 5, 6, 7), 0.15555), ((30, 30, 31, 27, 25, 16, 6), 0.1622222222222222), ((37, 35, 36, 36, 25, 16, 6), 0.17398333333333332)]
[((30, 30, 30, 30, 30, 20, 4), 0.12915), ((30, 15, 30, 16, 31, 22, 4), 0.1310111111111111), ((25, 25, 25, 25, 25, 15, 6), 0.14665), ((25, 26, 16, 25, 16, 11, 6), 0.15379444444444446), ((26, 25, 27, 6, 5, 6, 7), 0.15555), ((30, 30, 31, 27, 25, 16, 6), 0.1622222222222222)]
('generation 2', 'Mon May 25 16:41:43 2020')
[((28, 26, 28, 8, 7, 7, 4), 0.13415), ((28, 27, 26, 6, 6, 8, 7), 0.1375), ((32, 26, 30, 16, 32, 23, 4), 0.13835), ((27, 15, 32, 7, 6, 22, 6), 0.1583), ((30, 31, 31, 30, 33, 20, 6), 0.16335), ((31, 30, 33, 7, 6, 16, 6), 0.17415), ((27, 32, 31, 27, 16, 16, 6), 0.17415000000000003), ((32, 25, 27, 18, 33, 22, 6), 0.18), ((31, 31, 30, 31, 25, 17, 6), 0.1867), ((27, 28, 17, 8, 18, 12, 9), 0.19835), ((26, 27, 27, 25, 27, 15, 8), 0.2117), ((27, 25, 33, 27, 25, 17, 7), 0.2217), ((32, 15, 31, 18, 26, 17, 8), 0.2383), ((26, 30, 16, 32, 31, 22, 8), 0.23835), ((30, 32, 26, 30, 27, 15, 8), 0.26249999999999996)]
[((28, 26, 28, 8, 7, 7, 4), 0.13415), ((28, 27, 26, 6, 6, 8, 7), 0.1375), ((32, 26, 30, 16, 32, 23, 4), 0.13835), ((27, 15, 32, 7, 6, 22, 6), 0.1583), ((30, 31, 31, 30, 33, 20, 6), 0.16335)]
[((32, 26, 30, 16, 32, 23, 4), 0.13973333333333335), ((28, 27, 26, 6, 6, 8, 7), 0.15610555555555555), ((27, 15, 32, 7, 6, 22, 6), 0.15693888888888888), ((28, 26, 28, 8, 7, 7, 4), 0.17389444444444446), ((30, 31, 31, 30, 33, 20, 6), 0.17416111111111107)]
[((30, 30, 30, 30, 30, 20, 4), 0.12915), ((30, 15, 30, 16, 31, 22, 4), 0.1310111111111111), ((32, 26, 30, 16, 32, 23, 4), 0.13973333333333335), ((25, 25, 25, 25, 25, 15, 6), 0.14665), ((25, 26, 16, 25, 16, 11, 6), 0.15379444444444446), ((26, 25, 27, 6, 5, 6, 7), 0.15555)]
('generation 3', 'Mon May 25 18:28:53 2020')
[((25, 26, 17, 25, 16, 17, 6), 0.12334999999999999), ((26, 30, 18, 32, 31, 11, 4), 0.1267), ((30, 31, 31, 7, 7, 20, 4), 0.1275), ((25, 27, 26, 16, 26, 24, 4), 0.1417), ((31, 27, 27, 26, 25, 17, 6), 0.14665), ((31, 26, 27, 8, 33, 23, 6), 0.1508), ((32, 32, 30, 32, 30, 22, 5), 0.1525), ((25, 27, 18, 17, 17, 24, 6), 0.16335), ((34, 28, 32, 17, 34, 25, 4), 0.175), ((26, 15, 18, 26, 33, 23, 7), 0.17914999999999998), ((32, 28, 30, 32, 31, 23, 6), 0.1825), ((28, 27, 29, 16, 32, 7, 6), 0.1925), ((32, 27, 31, 26, 30, 17, 7), 0.2125), ((27, 26, 27, 25, 7, 13, 8), 0.255), ((28, 27, 29, 25, 6, 15, 9), 0.29335)]
[((25, 26, 17, 25, 16, 17, 6), 0.12334999999999999), ((26, 30, 18, 32, 31, 11, 4), 0.1267), ((30, 31, 31, 7, 7, 20, 4), 0.1275), ((25, 27, 26, 16, 26, 24, 4), 0.1417), ((31, 27, 27, 26, 25, 17, 6), 0.14665)]
[((25, 26, 17, 25, 16, 17, 6), 0.13963333333333336), ((30, 31, 31, 7, 7, 20, 4), 0.14258333333333334), ((25, 27, 26, 16, 26, 24, 4), 0.14407777777777778), ((26, 30, 18, 32, 31, 11, 4), 0.1554611111111111), ((31, 27, 27, 26, 25, 17, 6), 0.16267777777777775)]
[((30, 30, 30, 30, 30, 20, 4), 0.12915), ((30, 15, 30, 16, 31, 22, 4), 0.1310111111111111), ((25, 26, 17, 25, 16, 17, 6), 0.13963333333333336), ((32, 26, 30, 16, 32, 23, 4), 0.13973333333333335), ((30, 31, 31, 7, 7, 20, 4), 0.14258333333333334), ((25, 27, 26, 16, 26, 24, 4), 0.14407777777777778)]
('generation 4', 'Mon May 25 20:17:01 2020')
[((30, 28, 31, 16, 9, 25, 4), 0.10414999999999999), ((25, 26, 33, 7, 17, 18, 6), 0.1142), ((31, 31, 30, 32, 32, 20, 4), 0.1158), ((25, 27, 31, 16, 33, 25, 5), 0.14250000000000002), ((31, 17, 17, 18, 31, 19, 7), 0.14750000000000002), ((32, 17, 32, 16, 33, 23, 5), 0.15), ((33, 31, 31, 30, 30, 20, 5), 0.155), ((31, 27, 33, 16, 28, 22, 6), 0.1617), ((33, 27, 17, 27, 18, 25, 6), 0.16749999999999998), ((26, 17, 32, 16, 33, 24, 6), 0.16835), ((30, 28, 17, 32, 30, 18, 4), 0.18), ((30, 33, 30, 7, 31, 22, 5), 0.18414999999999998), ((31, 16, 31, 16, 7, 21, 6), 0.185), ((26, 30, 27, 31, 27, 24, 6), 0.185), ((26, 28, 19, 26, 28, 25, 8), 0.21915)]
[((30, 28, 31, 16, 9, 25, 4), 0.10414999999999999), ((25, 26, 33, 7, 17, 18, 6), 0.1142), ((31, 31, 30, 32, 32, 20, 4), 0.1158), ((25, 27, 31, 16, 33, 25, 5), 0.14250000000000002), ((31, 17, 17, 18, 31, 19, 7), 0.14750000000000002)]
[((25, 27, 31, 16, 33, 25, 5), 0.13814444444444443), ((31, 31, 30, 32, 32, 20, 4), 0.14018333333333335), ((30, 28, 31, 16, 9, 25, 4), 0.14100555555555558), ((25, 26, 33, 7, 17, 18, 6), 0.16101666666666667), ((31, 17, 17, 18, 31, 19, 7), 0.17082777777777775)]
[((30, 30, 30, 30, 30, 20, 4), 0.12915), ((30, 15, 30, 16, 31, 22, 4), 0.1310111111111111), ((25, 27, 31, 16, 33, 25, 5), 0.13814444444444443), ((25, 26, 17, 25, 16, 17, 6), 0.13963333333333336), ((32, 26, 30, 16, 32, 23, 4), 0.13973333333333335), ((31, 31, 30, 32, 32, 20, 4), 0.14018333333333335)]
('generation 5', 'Mon May 25 22:03:46 2020')
[((31, 26, 32, 18, 30, 20, 5), 0.11335), ((26, 28, 18, 25, 34, 19, 6), 0.1258), ((25, 26, 17, 17, 16, 17, 6), 0.12585), ((32, 30, 32, 17, 30, 22, 4), 0.1275), ((31, 27, 30, 33, 34, 22, 5), 0.1342), ((32, 26, 31, 18, 33, 22, 4), 0.13835), ((25, 28, 31, 27, 18, 19, 4), 0.14329999999999998), ((30, 16, 31, 16, 35, 25, 5), 0.145), ((34, 33, 30, 32, 34, 21, 5), 0.1467), ((26, 28, 30, 17, 16, 24, 6), 0.15585), ((31, 32, 32, 31, 30, 20, 6), 0.1608), ((33, 28, 31, 17, 34, 26, 5), 0.17165), ((27, 32, 31, 30, 32, 20, 7), 0.18914999999999998), ((31, 33, 30, 34, 33, 21, 6), 0.1925), ((26, 32, 33, 18, 30, 25, 6), 0.2017)]
[((31, 26, 32, 18, 30, 20, 5), 0.11335), ((26, 28, 18, 25, 34, 19, 6), 0.1258), ((25, 26, 17, 17, 16, 17, 6), 0.12585), ((32, 30, 32, 17, 30, 22, 4), 0.1275), ((31, 27, 30, 33, 34, 22, 5), 0.1342)]
[((26, 28, 18, 25, 34, 19, 6), 0.1365611111111111), ((32, 30, 32, 17, 30, 22, 4), 0.1391611111111111), ((25, 26, 17, 17, 16, 17, 6), 0.14362222222222223), ((31, 27, 30, 33, 34, 22, 5), 0.14907777777777778), ((31, 26, 32, 18, 30, 20, 5), 0.15177777777777776)]
[((30, 30, 30, 30, 30, 20, 4), 0.12915), ((30, 15, 30, 16, 31, 22, 4), 0.1310111111111111), ((26, 28, 18, 25, 34, 19, 6), 0.1365611111111111), ((25, 27, 31, 16, 33, 25, 5), 0.13814444444444443), ((32, 26, 31, 18, 33, 22, 4), 0.13835), ((32, 30, 32, 17, 30, 22, 4), 0.1391611111111111)]
('generation 6', 'Mon May 25 23:51:14 2020')
[((27, 29, 20, 26, 31, 20, 5), 0.10500000000000001), ((31, 17, 30, 30, 30, 21, 4), 0.11835), ((32, 16, 30, 17, 33, 19, 5), 0.12085), ((30, 31, 31, 17, 30, 24, 4), 0.12415000000000001), ((30, 27, 31, 16, 33, 27, 5), 0.1258), ((34, 27, 33, 17, 35, 24, 4), 0.1308), ((32, 30, 34, 18, 35, 23, 4), 0.13665), ((32, 30, 31, 30, 32, 22, 6), 0.16585), ((26, 29, 32, 16, 33, 25, 7), 0.16749999999999998), ((26, 27, 31, 32, 30, 25, 6), 0.16915), ((31, 30, 31, 30, 31, 23, 4), 0.17165000000000002), ((32, 30, 33, 17, 30, 27, 6), 0.1875), ((25, 29, 32, 18, 33, 27, 7), 0.21000000000000002), ((33, 31, 32, 25, 35, 20, 7), 0.22665000000000002), ((32, 28, 19, 18, 34, 23, 8), 0.22749999999999998)]
[((27, 29, 20, 26, 31, 20, 5), 0.10500000000000001), ((31, 17, 30, 30, 30, 21, 4), 0.11835), ((32, 16, 30, 17, 33, 19, 5), 0.12085), ((30, 31, 31, 17, 30, 24, 4), 0.12415000000000001), ((30, 27, 31, 16, 33, 27, 5), 0.1258)]
[((27, 29, 20, 26, 31, 20, 5), 0.14203888888888894), ((32, 16, 30, 17, 33, 19, 5), 0.1428722222222222), ((31, 17, 30, 30, 30, 21, 4), 0.14351666666666668), ((30, 31, 31, 17, 30, 24, 4), 0.15046111111111107), ((30, 27, 31, 16, 33, 27, 5), 0.15064444444444447)]
[((30, 30, 30, 30, 30, 20, 4), 0.12915), ((34, 27, 33, 17, 35, 24, 4), 0.1308), ((30, 15, 30, 16, 31, 22, 4), 0.1310111111111111), ((26, 28, 18, 25, 34, 19, 6), 0.1365611111111111), ((32, 30, 34, 18, 35, 23, 4), 0.13665), ((25, 27, 31, 16, 33, 25, 5), 0.13814444444444443)]
('generation 7', 'Tue May 26 01:38:33 2020')
[((34, 27, 30, 18, 30, 22, 4), 0.10999999999999999), ((34, 28, 20, 20, 37, 21, 5), 0.1233), ((34, 31, 30, 19, 36, 25, 4), 0.1333), ((28, 27, 19, 25, 34, 26, 6), 0.14), ((28, 28, 19, 27, 34, 21, 5), 0.14500000000000002), ((30, 30, 30, 17, 32, 21, 4), 0.15), ((25, 27, 34, 18, 35, 24, 4), 0.15000000000000002), ((27, 27, 31, 17, 34, 26, 5), 0.15335), ((33, 30, 32, 18, 32, 21, 5), 0.15415), ((31, 29, 32, 32, 32, 20, 5), 0.1575), ((27, 32, 31, 17, 37, 26, 6), 0.17085), ((36, 29, 18, 26, 35, 25, 8), 0.1733), ((28, 28, 30, 17, 31, 23, 6), 0.17335), ((33, 29, 34, 20, 37, 24, 4), 0.175), ((32, 27, 33, 18, 33, 26, 6), 0.19835)]
[((34, 27, 30, 18, 30, 22, 4), 0.10999999999999999), ((34, 28, 20, 20, 37, 21, 5), 0.1233), ((34, 31, 30, 19, 36, 25, 4), 0.1333), ((28, 27, 19, 25, 34, 26, 6), 0.14), ((28, 28, 19, 27, 34, 21, 5), 0.14500000000000002)]
[((34, 27, 30, 18, 30, 22, 4), 0.1403777777777778), ((34, 28, 20, 20, 37, 21, 5), 0.14167222222222223), ((34, 31, 30, 19, 36, 25, 4), 0.14378888888888885), ((28, 27, 19, 25, 34, 26, 6), 0.14537222222222224), ((28, 28, 19, 27, 34, 21, 5), 0.14862222222222218)]
[((30, 30, 30, 30, 30, 20, 4), 0.12915), ((34, 27, 33, 17, 35, 24, 4), 0.1308), ((30, 15, 30, 16, 31, 22, 4), 0.1310111111111111), ((26, 28, 18, 25, 34, 19, 6), 0.1365611111111111), ((32, 30, 34, 18, 35, 23, 4), 0.13665), ((25, 27, 31, 16, 33, 25, 5), 0.13814444444444443)]
('generation 8', 'Tue May 26 03:37:42 2020')
[((31, 29, 33, 18, 31, 24, 4), 0.12334999999999999), ((32, 32, 36, 30, 35, 20, 4), 0.12915), ((34, 16, 31, 17, 37, 23, 4), 0.13169999999999998), ((27, 27, 31, 19, 33, 27, 5), 0.135), ((28, 29, 36, 27, 37, 20, 6), 0.14250000000000002), ((31, 32, 32, 17, 32, 22, 4), 0.1492), ((26, 29, 18, 17, 33, 20, 4), 0.15084999999999998), ((32, 28, 35, 16, 35, 25, 6), 0.1575), ((34, 29, 33, 17, 35, 22, 6), 0.16749999999999998), ((27, 29, 33, 27, 35, 20, 5), 0.1725), ((27, 30, 31, 17, 31, 22, 7), 0.1892), ((34, 30, 34, 32, 36, 21, 5), 0.19165), ((34, 28, 33, 17, 35, 24, 6), 0.19165), ((36, 28, 34, 20, 36, 24, 6), 0.19835), ((26, 28, 20, 30, 31, 20, 8), 0.2175)]
[((31, 29, 33, 18, 31, 24, 4), 0.12334999999999999), ((32, 32, 36, 30, 35, 20, 4), 0.12915), ((34, 16, 31, 17, 37, 23, 4), 0.13169999999999998), ((27, 27, 31, 19, 33, 27, 5), 0.135), ((28, 29, 36, 27, 37, 20, 6), 0.14250000000000002)]
[((32, 32, 36, 30, 35, 20, 4), 0.12971666666666667), ((34, 16, 31, 17, 37, 23, 4), 0.14212777777777774), ((27, 27, 31, 19, 33, 27, 5), 0.14657777777777775), ((31, 29, 33, 18, 31, 24, 4), 0.14925555555555556), ((28, 29, 36, 27, 37, 20, 6), 0.15990555555555558)]
[((30, 30, 30, 30, 30, 20, 4), 0.12915), ((32, 32, 36, 30, 35, 20, 4), 0.12971666666666667), ((34, 27, 33, 17, 35, 24, 4), 0.1308), ((30, 15, 30, 16, 31, 22, 4), 0.1310111111111111), ((26, 28, 18, 25, 34, 19, 6), 0.1365611111111111), ((32, 30, 34, 18, 35, 23, 4), 0.13665)]
('generation 9', 'Tue May 26 05:24:10 2020')
[((32, 30, 20, 27, 30, 22, 6), 0.11585000000000001), ((33, 28, 19, 27, 36, 21, 4), 0.1175), ((26, 27, 33, 25, 37, 20, 4), 0.12585), ((32, 32, 34, 17, 35, 21, 5), 0.1283), ((32, 31, 31, 19, 31, 23, 5), 0.14165), ((33, 28, 36, 32, 36, 22, 4), 0.15585), ((30, 16, 32, 16, 37, 23, 5), 0.1575), ((28, 16, 18, 25, 31, 20, 6), 0.15835), ((35, 31, 33, 18, 35, 25, 4), 0.1683), ((33, 32, 36, 30, 36, 21, 6), 0.16915), ((34, 32, 38, 31, 37, 21, 5), 0.17085), ((31, 17, 30, 17, 31, 20, 4), 0.1725), ((32, 17, 34, 20, 31, 24, 6), 0.1925), ((34, 16, 31, 17, 31, 26, 6), 0.20500000000000002), ((32, 32, 36, 32, 36, 19, 8), 0.2542)]
[((32, 30, 20, 27, 30, 22, 6), 0.11585000000000001), ((33, 28, 19, 27, 36, 21, 4), 0.1175), ((26, 27, 33, 25, 37, 20, 4), 0.12585), ((32, 32, 34, 17, 35, 21, 5), 0.1283), ((32, 31, 31, 19, 31, 23, 5), 0.14165)]
[((32, 30, 20, 27, 30, 22, 6), 0.12852777777777777), ((33, 28, 19, 27, 36, 21, 4), 0.13314444444444443), ((26, 27, 33, 25, 37, 20, 4), 0.14472777777777782), ((32, 31, 31, 19, 31, 23, 5), 0.1513), ((32, 32, 34, 17, 35, 21, 5), 0.15703333333333333)]
[((32, 30, 20, 27, 30, 22, 6), 0.12852777777777777), ((30, 30, 30, 30, 30, 20, 4), 0.12915), ((32, 32, 36, 30, 35, 20, 4), 0.12971666666666667), ((34, 27, 33, 17, 35, 24, 4), 0.1308), ((30, 15, 30, 16, 31, 22, 4), 0.1310111111111111), ((33, 28, 19, 27, 36, 21, 4), 0.13314444444444443)]
('generation 10', 'Tue May 26 07:11:00 2020')
[((35, 17, 21, 18, 36, 21, 4), 0.1133), ((30, 32, 21, 27, 32, 24, 5), 0.1192), ((30, 33, 32, 32, 37, 20, 5), 0.13), ((35, 28, 19, 27, 38, 21, 4), 0.13415), ((35, 27, 35, 18, 37, 21, 5), 0.14165), ((34, 30, 19, 28, 38, 23, 4), 0.14665), ((31, 15, 32, 30, 31, 22, 4), 0.15084999999999998), ((30, 30, 35, 30, 31, 21, 5), 0.15165), ((34, 28, 30, 32, 37, 20, 4), 0.155), ((30, 16, 32, 16, 31, 22, 6), 0.1575), ((34, 29, 35, 18, 32, 23, 6), 0.17415), ((35, 29, 34, 27, 35, 26, 5), 0.1767), ((33, 31, 36, 32, 31, 20, 6), 0.18), ((30, 31, 31, 27, 32, 22, 6), 0.1883), ((36, 32, 20, 19, 30, 24, 7), 0.1892)]
[((35, 17, 21, 18, 36, 21, 4), 0.1133), ((30, 32, 21, 27, 32, 24, 5), 0.1192), ((30, 33, 32, 32, 37, 20, 5), 0.13), ((35, 28, 19, 27, 38, 21, 4), 0.13415), ((35, 27, 35, 18, 37, 21, 5), 0.14165)]
[((35, 17, 21, 18, 36, 21, 4), 0.12924444444444444), ((35, 28, 19, 27, 38, 21, 4), 0.13), ((30, 32, 21, 27, 32, 24, 5), 0.13277222222222224), ((35, 27, 35, 18, 37, 21, 5), 0.15166666666666664), ((30, 33, 32, 32, 37, 20, 5), 0.15249444444444446)]
[((32, 30, 20, 27, 30, 22, 6), 0.12852777777777777), ((30, 30, 30, 30, 30, 20, 4), 0.12915), ((35, 17, 21, 18, 36, 21, 4), 0.12924444444444444), ((32, 32, 36, 30, 35, 20, 4), 0.12971666666666667), ((35, 28, 19, 27, 38, 21, 4), 0.13), ((34, 27, 33, 17, 35, 24, 4), 0.1308)]
('generation 11', 'Tue May 26 08:57:50 2020')
[((34, 18, 22, 31, 37, 21, 4), 0.11415), ((32, 31, 22, 30, 30, 20, 5), 0.1192), ((35, 28, 23, 28, 39, 21, 4), 0.1375), ((31, 30, 20, 29, 30, 23, 4), 0.1392), ((32, 17, 21, 28, 32, 23, 6), 0.14250000000000002), ((32, 32, 30, 30, 35, 20, 4), 0.14335), ((35, 30, 34, 19, 36, 24, 6), 0.1442), ((36, 17, 23, 18, 37, 23, 6), 0.14750000000000002), ((37, 30, 38, 29, 36, 21, 4), 0.1625), ((34, 32, 22, 28, 30, 20, 4), 0.16415000000000002), ((32, 33, 37, 17, 37, 26, 6), 0.16915), ((32, 29, 20, 17, 31, 26, 6), 0.17085), ((36, 28, 35, 17, 37, 22, 6), 0.19), ((32, 28, 19, 28, 40, 23, 8), 0.20665), ((31, 30, 30, 27, 32, 22, 8), 0.27335)]
[((34, 18, 22, 31, 37, 21, 4), 0.11415), ((32, 31, 22, 30, 30, 20, 5), 0.1192), ((35, 28, 23, 28, 39, 21, 4), 0.1375), ((31, 30, 20, 29, 30, 23, 4), 0.1392), ((32, 17, 21, 28, 32, 23, 6), 0.14250000000000002)]
[((32, 31, 22, 30, 30, 20, 5), 0.13111666666666666), ((31, 30, 20, 29, 30, 23, 4), 0.1340777777777778), ((35, 28, 23, 28, 39, 21, 4), 0.13868888888888892), ((34, 18, 22, 31, 37, 21, 4), 0.14074444444444442), ((32, 17, 21, 28, 32, 23, 6), 0.15250000000000002)]
[((32, 30, 20, 27, 30, 22, 6), 0.12852777777777777), ((30, 30, 30, 30, 30, 20, 4), 0.12915), ((35, 17, 21, 18, 36, 21, 4), 0.12924444444444444), ((32, 32, 36, 30, 35, 20, 4), 0.12971666666666667), ((35, 28, 19, 27, 38, 21, 4), 0.13), ((34, 27, 33, 17, 35, 24, 4), 0.1308)]
('generation 12', 'Tue May 26 10:44:58 2020')
[((37, 29, 21, 30, 32, 22, 4), 0.08165), ((32, 18, 23, 31, 38, 22, 5), 0.13165), ((35, 32, 34, 17, 36, 20, 5), 0.13915), ((34, 30, 19, 31, 39, 20, 6), 0.14500000000000002), ((34, 28, 33, 27, 36, 26, 5), 0.14585), ((34, 30, 22, 30, 32, 21, 6), 0.1558), ((34, 17, 21, 18, 36, 25, 6), 0.1592), ((35, 27, 19, 28, 36, 22, 5), 0.15999999999999998), ((33, 34, 38, 31, 36, 23, 5), 0.16085), ((37, 17, 21, 28, 39, 23, 6), 0.1658), ((33, 32, 38, 29, 30, 20, 5), 0.17165), ((31, 32, 32, 30, 35, 22, 4), 0.18414999999999998), ((34, 27, 38, 19, 35, 24, 6), 0.21165), ((37, 17, 22, 27, 38, 23, 8), 0.2383), ((35, 29, 19, 28, 31, 21, 8), 0.2425)]
[((37, 29, 21, 30, 32, 22, 4), 0.08165), ((32, 18, 23, 31, 38, 22, 5), 0.13165), ((35, 32, 34, 17, 36, 20, 5), 0.13915), ((34, 30, 19, 31, 39, 20, 6), 0.14500000000000002), ((34, 28, 33, 27, 36, 26, 5), 0.14585)]
[((37, 29, 21, 30, 32, 22, 4), 0.12369999999999999), ((32, 18, 23, 31, 38, 22, 5), 0.13027222222222223), ((34, 30, 19, 31, 39, 20, 6), 0.15184999999999998), ((34, 28, 33, 27, 36, 26, 5), 0.15454444444444446), ((35, 32, 34, 17, 36, 20, 5), 0.17100555555555558)]
[((37, 29, 21, 30, 32, 22, 4), 0.12369999999999999), ((32, 30, 20, 27, 30, 22, 6), 0.12852777777777777), ((30, 30, 30, 30, 30, 20, 4), 0.12915), ((35, 17, 21, 18, 36, 21, 4), 0.12924444444444444), ((32, 32, 36, 30, 35, 20, 4), 0.12971666666666667), ((35, 28, 19, 27, 38, 21, 4), 0.13)]
('generation 13', 'Tue May 26 12:31:35 2020')
[((34, 31, 23, 32, 37, 21, 4), 0.12085000000000001), ((37, 31, 32, 30, 32, 20, 5), 0.1258), ((32, 30, 21, 32, 37, 21, 5), 0.1408), ((38, 30, 22, 31, 30, 22, 6), 0.14665), ((33, 33, 22, 31, 37, 23, 5), 0.14835), ((36, 18, 20, 18, 36, 22, 5), 0.1508), ((36, 30, 21, 27, 39, 22, 6), 0.1533), ((35, 19, 23, 31, 36, 24, 5), 0.15835), ((31, 18, 22, 18, 31, 22, 6), 0.16749999999999998), ((32, 31, 37, 32, 36, 21, 6), 0.1775), ((34, 33, 36, 28, 37, 20, 5), 0.18164999999999998), ((39, 29, 21, 31, 33, 23, 6), 0.18165), ((37, 29, 32, 28, 39, 22, 6), 0.20415), ((32, 19, 22, 20, 31, 24, 7), 0.21165), ((34, 31, 30, 28, 31, 23, 7), 0.23165000000000002)]
[((34, 31, 23, 32, 37, 21, 4), 0.12085000000000001), ((37, 31, 32, 30, 32, 20, 5), 0.1258), ((32, 30, 21, 32, 37, 21, 5), 0.1408), ((38, 30, 22, 31, 30, 22, 6), 0.14665), ((33, 33, 22, 31, 37, 23, 5), 0.14835)]
[((34, 31, 23, 32, 37, 21, 4), 0.12907777777777776), ((32, 30, 21, 32, 37, 21, 5), 0.12943333333333332), ((37, 31, 32, 30, 32, 20, 5), 0.1501833333333333), ((33, 33, 22, 31, 37, 23, 5), 0.15184999999999998), ((38, 30, 22, 31, 30, 22, 6), 0.15416111111111108)]
[((37, 29, 21, 30, 32, 22, 4), 0.12369999999999999), ((32, 30, 20, 27, 30, 22, 6), 0.12852777777777777), ((34, 31, 23, 32, 37, 21, 4), 0.12907777777777776), ((30, 30, 30, 30, 30, 20, 4), 0.12915), ((35, 17, 21, 18, 36, 21, 4), 0.12924444444444444), ((32, 30, 21, 32, 37, 21, 5), 0.12943333333333332)]
('generation 14', 'Tue May 26 14:18:33 2020')
[((36, 17, 23, 20, 33, 23, 4), 0.0775), ((30, 32, 22, 30, 33, 24, 5), 0.12664999999999998), ((37, 30, 21, 33, 33, 23, 5), 0.13165), ((35, 32, 25, 34, 39, 21, 5), 0.13415), ((37, 30, 23, 33, 37, 23, 5), 0.1392), ((35, 33, 31, 30, 31, 22, 5), 0.14665), ((33, 30, 21, 31, 31, 22, 6), 0.1608), ((33, 33, 22, 33, 31, 21, 6), 0.1617), ((31, 31, 31, 30, 32, 21, 6), 0.16335), ((31, 31, 32, 32, 36, 22, 5), 0.16665), ((34, 30, 22, 34, 39, 24, 6), 0.17165000000000002), ((35, 33, 21, 18, 37, 21, 6), 0.1725), ((32, 19, 22, 27, 38, 24, 8), 0.20415), ((34, 18, 22, 34, 38, 21, 7), 0.215), ((32, 32, 20, 29, 30, 24, 8), 0.2183)]
[((36, 17, 23, 20, 33, 23, 4), 0.0775), ((30, 32, 22, 30, 33, 24, 5), 0.12664999999999998), ((37, 30, 21, 33, 33, 23, 5), 0.13165), ((35, 32, 25, 34, 39, 21, 5), 0.13415), ((37, 30, 23, 33, 37, 23, 5), 0.1392)]
[((37, 30, 21, 33, 33, 23, 5), 0.1300888888888889), ((36, 17, 23, 20, 33, 23, 4), 0.13537222222222217), ((35, 32, 25, 34, 39, 21, 5), 0.13721666666666665), ((30, 32, 22, 30, 33, 24, 5), 0.14229999999999998), ((37, 30, 23, 33, 37, 23, 5), 0.1428833333333333)]
[((37, 29, 21, 30, 32, 22, 4), 0.12369999999999999), ((32, 30, 20, 27, 30, 22, 6), 0.12852777777777777), ((34, 31, 23, 32, 37, 21, 4), 0.12907777777777776), ((30, 30, 30, 30, 30, 20, 4), 0.12915), ((35, 17, 21, 18, 36, 21, 4), 0.12924444444444444), ((32, 30, 21, 32, 37, 21, 5), 0.12943333333333332)]
('generation 15', 'Tue May 26 16:05:25 2020')
[((30, 19, 30, 30, 37, 22, 4), 0.11249999999999999), ((33, 32, 22, 27, 30, 23, 6), 0.12), ((36, 31, 20, 32, 30, 24, 5), 0.12415000000000001), ((31, 32, 24, 32, 39, 21, 5), 0.13585), ((36, 29, 21, 30, 36, 23, 4), 0.13665), ((35, 17, 21, 19, 38, 23, 6), 0.1367), ((33, 17, 23, 18, 38, 23, 4), 0.1375), ((36, 32, 25, 32, 38, 21, 5), 0.14), ((33, 31, 24, 33, 38, 22, 4), 0.14334999999999998), ((37, 31, 32, 31, 30, 22, 5), 0.1608), ((33, 30, 22, 30, 31, 22, 6), 0.16249999999999998), ((34, 30, 22, 32, 37, 21, 6), 0.1642), ((30, 31, 23, 32, 38, 22, 6), 0.1725), ((36, 30, 22, 32, 33, 23, 5), 0.18), ((38, 31, 21, 28, 32, 24, 8), 0.24335)]
[((30, 19, 30, 30, 37, 22, 4), 0.11249999999999999), ((33, 32, 22, 27, 30, 23, 6), 0.12), ((36, 31, 20, 32, 30, 24, 5), 0.12415000000000001), ((31, 32, 24, 32, 39, 21, 5), 0.13585), ((36, 29, 21, 30, 36, 23, 4), 0.13665)]
[((36, 29, 21, 30, 36, 23, 4), 0.12129444444444443), ((36, 31, 20, 32, 30, 24, 5), 0.13137777777777776), ((30, 19, 30, 30, 37, 22, 4), 0.13916666666666666), ((33, 32, 22, 27, 30, 23, 6), 0.1483388888888889), ((31, 32, 24, 32, 39, 21, 5), 0.14861111111111114)]
[((36, 29, 21, 30, 36, 23, 4), 0.12129444444444443), ((37, 29, 21, 30, 32, 22, 4), 0.12369999999999999), ((32, 30, 20, 27, 30, 22, 6), 0.12852777777777777), ((34, 31, 23, 32, 37, 21, 4), 0.12907777777777776), ((30, 30, 30, 30, 30, 20, 4), 0.12915), ((35, 17, 21, 18, 36, 21, 4), 0.12924444444444444)]
('generation 16', 'Tue May 26 17:52:30 2020')
[((39, 31, 21, 31, 37, 24, 4), 0.12415), ((32, 30, 32, 28, 32, 22, 4), 0.1308), ((31, 33, 25, 30, 31, 21, 5), 0.1367), ((34, 19, 21, 20, 38, 21, 6), 0.1417), ((36, 31, 21, 32, 37, 22, 5), 0.14500000000000002), ((34, 30, 22, 32, 31, 23, 6), 0.14665), ((39, 32, 22, 31, 33, 24, 6), 0.1475), ((31, 17, 22, 18, 30, 22, 5), 0.14915), ((37, 19, 22, 18, 37, 23, 4), 0.15835), ((35, 33, 25, 28, 38, 23, 6), 0.16), ((35, 30, 22, 31, 34, 22, 6), 0.1642), ((34, 30, 21, 29, 38, 24, 6), 0.16915000000000002), ((37, 33, 24, 34, 39, 22, 4), 0.17420000000000002), ((38, 29, 25, 33, 32, 23, 6), 0.1875), ((32, 32, 20, 18, 38, 22, 8), 0.2525)]
[((39, 31, 21, 31, 37, 24, 4), 0.12415), ((32, 30, 32, 28, 32, 22, 4), 0.1308), ((31, 33, 25, 30, 31, 21, 5), 0.1367), ((34, 19, 21, 20, 38, 21, 6), 0.1417), ((36, 31, 21, 32, 37, 22, 5), 0.14500000000000002)]
[((32, 30, 32, 28, 32, 22, 4), 0.1340777777777778), ((36, 31, 21, 32, 37, 22, 5), 0.14240555555555556), ((39, 31, 21, 31, 37, 24, 4), 0.14526666666666668), ((31, 33, 25, 30, 31, 21, 5), 0.1478611111111111), ((34, 19, 21, 20, 38, 21, 6), 0.14825000000000005)]
[((36, 29, 21, 30, 36, 23, 4), 0.12129444444444443), ((37, 29, 21, 30, 32, 22, 4), 0.12369999999999999), ((32, 30, 20, 27, 30, 22, 6), 0.12852777777777777), ((34, 31, 23, 32, 37, 21, 4), 0.12907777777777776), ((30, 30, 30, 30, 30, 20, 4), 0.12915), ((35, 17, 21, 18, 36, 21, 4), 0.12924444444444444)]
('generation 17', 'Tue May 26 19:39:04 2020')
[((35, 32, 24, 33, 37, 20, 4), 0.12335), ((30, 31, 23, 30, 31, 22, 4), 0.125), ((36, 29, 23, 33, 38, 23, 4), 0.1325), ((33, 18, 23, 20, 36, 21, 5), 0.135), ((35, 17, 21, 18, 38, 23, 5), 0.14079999999999998), ((36, 33, 23, 34, 37, 23, 5), 0.1408), ((36, 17, 22, 30, 36, 25, 5), 0.1442), ((32, 31, 31, 28, 31, 22, 5), 0.1442), ((36, 17, 23, 18, 37, 23, 5), 0.15335), ((36, 32, 22, 30, 38, 23, 6), 0.1658), ((36, 29, 22, 32, 37, 22, 6), 0.1658), ((34, 33, 20, 28, 39, 23, 5), 0.175), ((34, 30, 21, 32, 31, 23, 6), 0.175), ((33, 32, 21, 28, 32, 24, 6), 0.175), ((32, 31, 31, 30, 34, 22, 6), 0.18164999999999998)]
[((35, 32, 24, 33, 37, 20, 4), 0.12335), ((30, 31, 23, 30, 31, 22, 4), 0.125), ((36, 29, 23, 33, 38, 23, 4), 0.1325), ((33, 18, 23, 20, 36, 21, 5), 0.135), ((35, 17, 21, 18, 38, 23, 5), 0.14079999999999998)]
[((36, 29, 23, 33, 38, 23, 4), 0.1264888888888889), ((35, 32, 24, 33, 37, 20, 4), 0.13046666666666665), ((30, 31, 23, 30, 31, 22, 4), 0.13343333333333332), ((35, 17, 21, 18, 38, 23, 5), 0.1377722222222222), ((33, 18, 23, 20, 36, 21, 5), 0.1387)]
[((36, 29, 21, 30, 36, 23, 4), 0.12129444444444443), ((37, 29, 21, 30, 32, 22, 4), 0.12369999999999999), ((36, 29, 23, 33, 38, 23, 4), 0.1264888888888889), ((32, 30, 20, 27, 30, 22, 6), 0.12852777777777777), ((34, 31, 23, 32, 37, 21, 4), 0.12907777777777776), ((30, 30, 30, 30, 30, 20, 4), 0.12915)]
('generation 18', 'Tue May 26 21:26:14 2020')
[((32, 32, 32, 31, 30, 22, 4), 0.11915), ((38, 29, 23, 32, 39, 24, 4), 0.12585000000000002), ((34, 31, 23, 31, 32, 23, 6), 0.12915000000000001), ((37, 31, 25, 32, 38, 23, 6), 0.13419999999999999), ((37, 32, 24, 34, 38, 25, 6), 0.1417), ((38, 33, 25, 34, 40, 23, 6), 0.14334999999999998), ((30, 30, 31, 31, 38, 22, 5), 0.14834999999999998), ((36, 32, 23, 31, 40, 24, 5), 0.14835), ((34, 32, 31, 31, 30, 23, 4), 0.1508), ((30, 29, 32, 31, 31, 23, 5), 0.15335), ((38, 29, 23, 32, 38, 23, 6), 0.1558), ((38, 30, 23, 35, 38, 23, 5), 0.16335), ((37, 32, 23, 29, 38, 23, 6), 0.1708), ((36, 31, 21, 33, 32, 22, 7), 0.19665), ((32, 31, 23, 32, 32, 23, 7), 0.2)]
[((32, 32, 32, 31, 30, 22, 4), 0.11915), ((38, 29, 23, 32, 39, 24, 4), 0.12585000000000002), ((34, 31, 23, 31, 32, 23, 6), 0.12915000000000001), ((37, 31, 25, 32, 38, 23, 6), 0.13419999999999999), ((37, 32, 24, 34, 38, 25, 6), 0.1417)]
[((38, 29, 23, 32, 39, 24, 4), 0.13361666666666663), ((32, 32, 32, 31, 30, 22, 4), 0.1362944444444444), ((34, 31, 23, 31, 32, 23, 6), 0.1552666666666667), ((37, 31, 25, 32, 38, 23, 6), 0.1582444444444444), ((37, 32, 24, 34, 38, 25, 6), 0.16472777777777775)]
[((36, 29, 21, 30, 36, 23, 4), 0.12129444444444443), ((37, 29, 21, 30, 32, 22, 4), 0.12369999999999999), ((36, 29, 23, 33, 38, 23, 4), 0.1264888888888889), ((32, 30, 20, 27, 30, 22, 6), 0.12852777777777777), ((34, 31, 23, 32, 37, 21, 4), 0.12907777777777776), ((30, 30, 30, 30, 30, 20, 4), 0.12915)]
('generation 19', 'Tue May 26 23:14:03 2020')
[((32, 32, 22, 31, 32, 24, 4), 0.09834999999999999), ((38, 31, 21, 31, 38, 22, 5), 0.10830000000000001), ((36, 31, 22, 31, 36, 24, 4), 0.11080000000000001), ((34, 30, 21, 30, 38, 22, 5), 0.12085000000000001), ((36, 32, 30, 34, 39, 21, 5), 0.135), ((34, 31, 21, 30, 31, 22, 4), 0.14750000000000002), ((37, 29, 23, 31, 37, 20, 4), 0.15415), ((39, 30, 22, 29, 32, 23, 6), 0.155), ((30, 31, 30, 32, 32, 21, 5), 0.15585), ((34, 29, 25, 32, 40, 21, 5), 0.15835), ((36, 30, 23, 31, 38, 23, 4), 0.1608), ((36, 29, 23, 30, 32, 21, 4), 0.1608), ((37, 30, 22, 31, 36, 25, 8), 0.23165), ((33, 33, 25, 28, 30, 21, 8), 0.23249999999999998), ((36, 30, 25, 28, 30, 25, 8), 0.23915)]
[((32, 32, 22, 31, 32, 24, 4), 0.09834999999999999), ((38, 31, 21, 31, 38, 22, 5), 0.10830000000000001), ((36, 31, 22, 31, 36, 24, 4), 0.11080000000000001), ((34, 30, 21, 30, 38, 22, 5), 0.12085000000000001), ((36, 32, 30, 34, 39, 21, 5), 0.135)]
[((36, 31, 22, 31, 36, 24, 4), 0.13166111111111112), ((38, 31, 21, 31, 38, 22, 5), 0.13203333333333334), ((34, 30, 21, 30, 38, 22, 5), 0.13786111111111113), ((32, 32, 22, 31, 32, 24, 4), 0.13889444444444446), ((36, 32, 30, 34, 39, 21, 5), 0.16009444444444446)]
[((36, 29, 21, 30, 36, 23, 4), 0.12129444444444443), ((37, 29, 21, 30, 32, 22, 4), 0.12369999999999999), ((36, 29, 23, 33, 38, 23, 4), 0.1264888888888889), ((32, 30, 20, 27, 30, 22, 6), 0.12852777777777777), ((34, 31, 23, 32, 37, 21, 4), 0.12907777777777776), ((30, 30, 30, 30, 30, 20, 4), 0.12915)]
('generation 20', 'Wed May 27 01:01:14 2020')
[((37, 32, 31, 33, 30, 21, 4), 0.1008), ((37, 31, 22, 33, 39, 24, 4), 0.11585000000000001), ((38, 29, 23, 29, 31, 24, 6), 0.12664999999999998), ((37, 29, 21, 32, 36, 22, 4), 0.12835000000000002), ((35, 31, 24, 34, 37, 22, 6), 0.155), ((34, 32, 24, 28, 32, 22, 6), 0.16165000000000002), ((38, 31, 32, 31, 36, 24, 5), 0.1625), ((34, 30, 23, 32, 37, 22, 5), 0.16665), ((38, 31, 23, 31, 38, 23, 6), 0.17165), ((31, 30, 31, 32, 34, 22, 6), 0.17585), ((34, 32, 24, 31, 37, 24, 5), 0.17830000000000001), ((38, 32, 23, 33, 39, 23, 6), 0.17914999999999998), ((32, 30, 21, 28, 31, 21, 7), 0.19335000000000002), ((36, 30, 24, 33, 39, 21, 6), 0.19585000000000002), ((32, 31, 21, 27, 31, 22, 8), 0.20665)]
[((37, 32, 31, 33, 30, 21, 4), 0.1008), ((37, 31, 22, 33, 39, 24, 4), 0.11585000000000001), ((38, 29, 23, 29, 31, 24, 6), 0.12664999999999998), ((37, 29, 21, 32, 36, 22, 4), 0.12835000000000002), ((35, 31, 24, 34, 37, 22, 6), 0.155)]
[((37, 31, 22, 33, 39, 24, 4), 0.12916666666666665), ((37, 29, 21, 32, 36, 22, 4), 0.13740555555555556), ((37, 32, 31, 33, 30, 21, 4), 0.14092222222222223), ((35, 31, 24, 34, 37, 22, 6), 0.16203888888888893), ((38, 29, 23, 29, 31, 24, 6), 0.1670333333333333)]
[((36, 29, 21, 30, 36, 23, 4), 0.12129444444444443), ((37, 29, 21, 30, 32, 22, 4), 0.12369999999999999), ((36, 29, 23, 33, 38, 23, 4), 0.1264888888888889), ((32, 30, 20, 27, 30, 22, 6), 0.12852777777777777), ((34, 31, 23, 32, 37, 21, 4), 0.12907777777777776), ((30, 30, 30, 30, 30, 20, 4), 0.12915)]
('EN:', 'Wed May 27 02:59:44 2020')
